<?xml version="1.0" encoding="UTF-8"?>
<testsuite xmlns:xsi="http://www.w3.org/2001/XMLSchema-instance" xsi:noNamespaceSchemaLocation="https://maven.apache.org/surefire/maven-surefire-plugin/xsd/surefire-test-report.xsd" version="3.0.2" name="com.erudika.scoold.utils.avatars.DefaultAvatarRepositoryTest" time="0.392" tests="3" errors="0" skipped="0" failures="0">
  <properties>
    <property name="java.specification.version" value="21"/>
    <property name="sun.jnu.encoding" value="UTF-8"/>
    <property name="java.class.path" value="/home/chirag/Desktop/Scoold/scoold/target/test-classes:/home/chirag/Desktop/Scoold/scoold/target/classes:/home/chirag/.m2/repository/com/erudika/para-client/1.50.3/para-client-1.50.3.jar:/home/chirag/.m2/repository/com/erudika/para-core/1.50.3/para-core-1.50.3.jar:/home/chirag/.m2/repository/software/amazon/awssdk/auth/2.29.29/auth-2.29.29.jar:/home/chirag/.m2/repository/software/amazon/awssdk/annotations/2.29.29/annotations-2.29.29.jar:/home/chirag/.m2/repository/software/amazon/awssdk/utils/2.29.29/utils-2.29.29.jar:/home/chirag/.m2/repository/org/reactivestreams/reactive-streams/1.0.4/reactive-streams-1.0.4.jar:/home/chirag/.m2/repository/software/amazon/awssdk/sdk-core/2.29.29/sdk-core-2.29.29.jar:/home/chirag/.m2/repository/software/amazon/awssdk/metrics-spi/2.29.29/metrics-spi-2.29.29.jar:/home/chirag/.m2/repository/software/amazon/awssdk/endpoints-spi/2.29.29/endpoints-spi-2.29.29.jar:/home/chirag/.m2/repository/software/amazon/awssdk/checksums-spi/2.29.29/checksums-spi-2.29.29.jar:/home/chirag/.m2/repository/software/amazon/awssdk/checksums/2.29.29/checksums-2.29.29.jar:/home/chirag/.m2/repository/software/amazon/awssdk/retries-spi/2.29.29/retries-spi-2.29.29.jar:/home/chirag/.m2/repository/software/amazon/awssdk/retries/2.29.29/retries-2.29.29.jar:/home/chirag/.m2/repository/software/amazon/awssdk/identity-spi/2.29.29/identity-spi-2.29.29.jar:/home/chirag/.m2/repository/software/amazon/awssdk/regions/2.29.29/regions-2.29.29.jar:/home/chirag/.m2/repository/software/amazon/awssdk/profiles/2.29.29/profiles-2.29.29.jar:/home/chirag/.m2/repository/software/amazon/awssdk/http-client-spi/2.29.29/http-client-spi-2.29.29.jar:/home/chirag/.m2/repository/software/amazon/awssdk/json-utils/2.29.29/json-utils-2.29.29.jar:/home/chirag/.m2/repository/software/amazon/awssdk/third-party-jackson-core/2.29.29/third-party-jackson-core-2.29.29.jar:/home/chirag/.m2/repository/software/amazon/awssdk/http-auth-aws/2.29.29/http-auth-aws-2.29.29.jar:/home/chirag/.m2/repository/software/amazon/awssdk/http-auth-aws-eventstream/2.29.29/http-auth-aws-eventstream-2.29.29.jar:/home/chirag/.m2/repository/software/amazon/awssdk/http-auth/2.29.29/http-auth-2.29.29.jar:/home/chirag/.m2/repository/software/amazon/awssdk/http-auth-spi/2.29.29/http-auth-spi-2.29.29.jar:/home/chirag/.m2/repository/software/amazon/eventstream/eventstream/1.0.1/eventstream-1.0.1.jar:/home/chirag/.m2/repository/io/github/classgraph/classgraph/4.8.176/classgraph-4.8.176.jar:/home/chirag/.m2/repository/jakarta/ws/rs/jakarta.ws.rs-api/3.1.0/jakarta.ws.rs-api-3.1.0.jar:/home/chirag/.m2/repository/jakarta/inject/jakarta.inject-api/2.0.1/jakarta.inject-api-2.0.1.jar:/home/chirag/.m2/repository/com/fasterxml/jackson/core/jackson-core/2.18.1/jackson-core-2.18.1.jar:/home/chirag/.m2/repository/com/fasterxml/jackson/core/jackson-annotations/2.18.1/jackson-annotations-2.18.1.jar:/home/chirag/.m2/repository/com/fasterxml/jackson/jakarta/rs/jackson-jakarta-rs-base/2.18.1/jackson-jakarta-rs-base-2.18.1.jar:/home/chirag/.m2/repository/com/fasterxml/jackson/jakarta/rs/jackson-jakarta-rs-json-provider/2.18.1/jackson-jakarta-rs-json-provider-2.18.1.jar:/home/chirag/.m2/repository/com/fasterxml/jackson/module/jackson-module-jakarta-xmlbind-annotations/2.18.1/jackson-module-jakarta-xmlbind-annotations-2.18.1.jar:/home/chirag/.m2/repository/com/fasterxml/jackson/core/jackson-databind/2.18.1/jackson-databind-2.18.1.jar:/home/chirag/.m2/repository/com/fasterxml/jackson/dataformat/jackson-dataformat-cbor/2.18.1/jackson-dataformat-cbor-2.18.1.jar:/home/chirag/.m2/repository/com/fasterxml/jackson/dataformat/jackson-dataformat-smile/2.18.1/jackson-dataformat-smile-2.18.1.jar:/home/chirag/.m2/repository/com/fasterxml/jackson/dataformat/jackson-dataformat-yaml/2.18.1/jackson-dataformat-yaml-2.18.1.jar:/home/chirag/.m2/repository/com/fasterxml/jackson/module/jackson-module-parameter-names/2.18.1/jackson-module-parameter-names-2.18.1.jar:/home/chirag/.m2/repository/com/fasterxml/jackson/datatype/jackson-datatype-jdk8/2.18.1/jackson-datatype-jdk8-2.18.1.jar:/home/chirag/.m2/repository/com/fasterxml/jackson/datatype/jackson-datatype-jsr310/2.18.1/jackson-datatype-jsr310-2.18.1.jar:/home/chirag/.m2/repository/io/dropwizard/metrics/metrics-core/4.2.25/metrics-core-4.2.25.jar:/home/chirag/.m2/repository/commons-beanutils/commons-beanutils/1.9.4/commons-beanutils-1.9.4.jar:/home/chirag/.m2/repository/commons-collections/commons-collections/3.2.2/commons-collections-3.2.2.jar:/home/chirag/.m2/repository/com/typesafe/config/1.4.3/config-1.4.3.jar:/home/chirag/.m2/repository/org/hibernate/validator/hibernate-validator/8.0.1.Final/hibernate-validator-8.0.1.Final.jar:/home/chirag/.m2/repository/org/jboss/logging/jboss-logging/3.6.1.Final/jboss-logging-3.6.1.Final.jar:/home/chirag/.m2/repository/com/fasterxml/classmate/1.7.0/classmate-1.7.0.jar:/home/chirag/.m2/repository/commons-codec/commons-codec/1.17.1/commons-codec-1.17.1.jar:/home/chirag/.m2/repository/commons-io/commons-io/2.17.0/commons-io-2.17.0.jar:/home/chirag/.m2/repository/org/jsoup/jsoup/1.17.2/jsoup-1.17.2.jar:/home/chirag/.m2/repository/com/vladsch/flexmark/flexmark/0.64.8/flexmark-0.64.8.jar:/home/chirag/.m2/repository/com/vladsch/flexmark/flexmark-util-ast/0.64.8/flexmark-util-ast-0.64.8.jar:/home/chirag/.m2/repository/com/vladsch/flexmark/flexmark-util-builder/0.64.8/flexmark-util-builder-0.64.8.jar:/home/chirag/.m2/repository/com/vladsch/flexmark/flexmark-util-collection/0.64.8/flexmark-util-collection-0.64.8.jar:/home/chirag/.m2/repository/com/vladsch/flexmark/flexmark-util-data/0.64.8/flexmark-util-data-0.64.8.jar:/home/chirag/.m2/repository/com/vladsch/flexmark/flexmark-util-dependency/0.64.8/flexmark-util-dependency-0.64.8.jar:/home/chirag/.m2/repository/com/vladsch/flexmark/flexmark-util-format/0.64.8/flexmark-util-format-0.64.8.jar:/home/chirag/.m2/repository/com/vladsch/flexmark/flexmark-util-html/0.64.8/flexmark-util-html-0.64.8.jar:/home/chirag/.m2/repository/com/vladsch/flexmark/flexmark-util-misc/0.64.8/flexmark-util-misc-0.64.8.jar:/home/chirag/.m2/repository/com/vladsch/flexmark/flexmark-util-sequence/0.64.8/flexmark-util-sequence-0.64.8.jar:/home/chirag/.m2/repository/com/vladsch/flexmark/flexmark-util-visitor/0.64.8/flexmark-util-visitor-0.64.8.jar:/home/chirag/.m2/repository/com/vladsch/flexmark/flexmark-ext-emoji/0.64.8/flexmark-ext-emoji-0.64.8.jar:/home/chirag/.m2/repository/com/vladsch/flexmark/flexmark-util/0.64.8/flexmark-util-0.64.8.jar:/home/chirag/.m2/repository/com/vladsch/flexmark/flexmark-util-options/0.64.8/flexmark-util-options-0.64.8.jar:/home/chirag/.m2/repository/com/vladsch/flexmark/flexmark-ext-gfm-strikethrough/0.64.8/flexmark-ext-gfm-strikethrough-0.64.8.jar:/home/chirag/.m2/repository/com/vladsch/flexmark/flexmark-ext-gfm-tasklist/0.64.8/flexmark-ext-gfm-tasklist-0.64.8.jar:/home/chirag/.m2/repository/com/vladsch/flexmark/flexmark-ext-tables/0.64.8/flexmark-ext-tables-0.64.8.jar:/home/chirag/.m2/repository/com/vladsch/flexmark/flexmark-ext-autolink/0.64.8/flexmark-ext-autolink-0.64.8.jar:/home/chirag/.m2/repository/org/nibor/autolink/autolink/0.6.0/autolink-0.6.0.jar:/home/chirag/.m2/repository/com/vladsch/flexmark/flexmark-ext-media-tags/0.64.8/flexmark-ext-media-tags-0.64.8.jar:/home/chirag/.m2/repository/de/svenkubiak/jBCrypt/0.4.3/jBCrypt-0.4.3.jar:/home/chirag/.m2/repository/com/samskivert/jmustache/1.16/jmustache-1.16.jar:/home/chirag/.m2/repository/jakarta/validation/jakarta.validation-api/3.0.2/jakarta.validation-api-3.0.2.jar:/home/chirag/.m2/repository/jakarta/xml/bind/jakarta.xml.bind-api/4.0.2/jakarta.xml.bind-api-4.0.2.jar:/home/chirag/.m2/repository/org/codehaus/woodstox/stax2-api/4.2.2/stax2-api-4.2.2.jar:/home/chirag/.m2/repository/io/github/hakky54/sslcontext-kickstart/8.3.7/sslcontext-kickstart-8.3.7.jar:/home/chirag/.m2/repository/org/apache/velocity/velocity-engine-core/2.4/velocity-engine-core-2.4.jar:/home/chirag/.m2/repository/org/slf4j/slf4j-api/2.0.16/slf4j-api-2.0.16.jar:/home/chirag/.m2/repository/org/springframework/boot/spring-boot-starter-web/3.4.0/spring-boot-starter-web-3.4.0.jar:/home/chirag/.m2/repository/org/springframework/boot/spring-boot-starter/3.4.0/spring-boot-starter-3.4.0.jar:/home/chirag/.m2/repository/org/springframework/boot/spring-boot/3.4.0/spring-boot-3.4.0.jar:/home/chirag/.m2/repository/org/springframework/boot/spring-boot-autoconfigure/3.4.0/spring-boot-autoconfigure-3.4.0.jar:/home/chirag/.m2/repository/jakarta/annotation/jakarta.annotation-api/2.1.1/jakarta.annotation-api-2.1.1.jar:/home/chirag/.m2/repository/org/springframework/spring-core/6.2.0/spring-core-6.2.0.jar:/home/chirag/.m2/repository/org/springframework/spring-jcl/6.2.0/spring-jcl-6.2.0.jar:/home/chirag/.m2/repository/org/springframework/boot/spring-boot-starter-json/3.4.0/spring-boot-starter-json-3.4.0.jar:/home/chirag/.m2/repository/org/springframework/boot/spring-boot-starter-tomcat/3.4.0/spring-boot-starter-tomcat-3.4.0.jar:/home/chirag/.m2/repository/org/apache/tomcat/embed/tomcat-embed-core/10.1.33/tomcat-embed-core-10.1.33.jar:/home/chirag/.m2/repository/org/apache/tomcat/embed/tomcat-embed-el/10.1.33/tomcat-embed-el-10.1.33.jar:/home/chirag/.m2/repository/org/apache/tomcat/embed/tomcat-embed-websocket/10.1.33/tomcat-embed-websocket-10.1.33.jar:/home/chirag/.m2/repository/org/springframework/spring-web/6.2.0/spring-web-6.2.0.jar:/home/chirag/.m2/repository/org/springframework/spring-beans/6.2.0/spring-beans-6.2.0.jar:/home/chirag/.m2/repository/io/micrometer/micrometer-observation/1.14.1/micrometer-observation-1.14.1.jar:/home/chirag/.m2/repository/io/micrometer/micrometer-commons/1.14.1/micrometer-commons-1.14.1.jar:/home/chirag/.m2/repository/org/springframework/spring-webmvc/6.2.0/spring-webmvc-6.2.0.jar:/home/chirag/.m2/repository/org/springframework/spring-aop/6.2.0/spring-aop-6.2.0.jar:/home/chirag/.m2/repository/org/springframework/spring-context/6.2.0/spring-context-6.2.0.jar:/home/chirag/.m2/repository/org/springframework/spring-expression/6.2.0/spring-expression-6.2.0.jar:/home/chirag/.m2/repository/org/springframework/boot/spring-boot-starter-logging/3.4.0/spring-boot-starter-logging-3.4.0.jar:/home/chirag/.m2/repository/ch/qos/logback/logback-classic/1.5.12/logback-classic-1.5.12.jar:/home/chirag/.m2/repository/ch/qos/logback/logback-core/1.5.12/logback-core-1.5.12.jar:/home/chirag/.m2/repository/org/apache/logging/log4j/log4j-to-slf4j/2.24.1/log4j-to-slf4j-2.24.1.jar:/home/chirag/.m2/repository/org/apache/logging/log4j/log4j-api/2.24.1/log4j-api-2.24.1.jar:/home/chirag/.m2/repository/org/slf4j/jul-to-slf4j/2.0.16/jul-to-slf4j-2.0.16.jar:/home/chirag/.m2/repository/org/springframework/boot/spring-boot-starter-mail/3.4.0/spring-boot-starter-mail-3.4.0.jar:/home/chirag/.m2/repository/org/springframework/spring-context-support/6.2.0/spring-context-support-6.2.0.jar:/home/chirag/.m2/repository/org/eclipse/angus/jakarta.mail/2.0.3/jakarta.mail-2.0.3.jar:/home/chirag/.m2/repository/jakarta/activation/jakarta.activation-api/2.1.3/jakarta.activation-api-2.1.3.jar:/home/chirag/.m2/repository/org/eclipse/angus/angus-activation/2.0.2/angus-activation-2.0.2.jar:/home/chirag/.m2/repository/org/apache/httpcomponents/core5/httpcore5/5.3.1/httpcore5-5.3.1.jar:/home/chirag/.m2/repository/org/apache/httpcomponents/client5/httpclient5/5.4.1/httpclient5-5.4.1.jar:/home/chirag/.m2/repository/org/apache/httpcomponents/core5/httpcore5-h2/5.3.1/httpcore5-h2-5.3.1.jar:/home/chirag/.m2/repository/com/nimbusds/nimbus-jose-jwt/9.41.2/nimbus-jose-jwt-9.41.2.jar:/home/chirag/.m2/repository/com/cloudinary/cloudinary-http45/1.39.0/cloudinary-http45-1.39.0.jar:/home/chirag/.m2/repository/com/cloudinary/cloudinary-core/1.39.0/cloudinary-core-1.39.0.jar:/home/chirag/.m2/repository/org/apache/httpcomponents/httpclient/4.5.13/httpclient-4.5.13.jar:/home/chirag/.m2/repository/org/apache/httpcomponents/httpcore/4.4.16/httpcore-4.4.16.jar:/home/chirag/.m2/repository/commons-logging/commons-logging/1.2/commons-logging-1.2.jar:/home/chirag/.m2/repository/org/apache/httpcomponents/httpmime/4.5.13/httpmime-4.5.13.jar:/home/chirag/.m2/repository/com/github/dfabulich/sitemapgen4j/1.1.2/sitemapgen4j-1.1.2.jar:/home/chirag/.m2/repository/org/apache/commons/commons-text/1.12.0/commons-text-1.12.0.jar:/home/chirag/.m2/repository/org/apache/commons/commons-lang3/3.17.0/commons-lang3-3.17.0.jar:/home/chirag/.m2/repository/org/yaml/snakeyaml/2.3/snakeyaml-2.3.jar:/home/chirag/.m2/repository/net/thauvin/erik/akismet-kotlin/1.0.0/akismet-kotlin-1.0.0.jar:/home/chirag/.m2/repository/org/jetbrains/kotlin/kotlin-stdlib-jdk8/1.9.25/kotlin-stdlib-jdk8-1.9.25.jar:/home/chirag/.m2/repository/org/jetbrains/kotlin/kotlin-stdlib/1.9.25/kotlin-stdlib-1.9.25.jar:/home/chirag/.m2/repository/org/jetbrains/annotations/13.0/annotations-13.0.jar:/home/chirag/.m2/repository/org/jetbrains/kotlin/kotlin-stdlib-jdk7/1.9.25/kotlin-stdlib-jdk7-1.9.25.jar:/home/chirag/.m2/repository/jakarta/servlet/jakarta.servlet-api/6.0.0/jakarta.servlet-api-6.0.0.jar:/home/chirag/.m2/repository/com/squareup/okhttp3/okhttp/4.11.0/okhttp-4.11.0.jar:/home/chirag/.m2/repository/com/squareup/okio/okio/3.2.0/okio-3.2.0.jar:/home/chirag/.m2/repository/com/squareup/okio/okio-jvm/3.5.0/okio-jvm-3.5.0.jar:/home/chirag/.m2/repository/org/jetbrains/kotlin/kotlin-stdlib-common/1.9.25/kotlin-stdlib-common-1.9.25.jar:/home/chirag/.m2/repository/com/squareup/okhttp3/logging-interceptor/4.11.0/logging-interceptor-4.11.0.jar:/home/chirag/.m2/repository/org/jetbrains/kotlinx/kotlinx-serialization-json-jvm/1.6.3/kotlinx-serialization-json-jvm-1.6.3.jar:/home/chirag/.m2/repository/org/jetbrains/kotlinx/kotlinx-serialization-core-jvm/1.6.3/kotlinx-serialization-core-jvm-1.6.3.jar:/home/chirag/.m2/repository/net/logicsquad/qr4j/1.0/qr4j-1.0.jar:/home/chirag/.m2/repository/junit/junit/4.13.2/junit-4.13.2.jar:/home/chirag/.m2/repository/org/hamcrest/hamcrest-core/2.2/hamcrest-core-2.2.jar:/home/chirag/.m2/repository/org/hamcrest/hamcrest/2.2/hamcrest-2.2.jar:/home/chirag/.m2/repository/org/mockito/mockito-core/5.14.2/mockito-core-5.14.2.jar:/home/chirag/.m2/repository/net/bytebuddy/byte-buddy/1.15.10/byte-buddy-1.15.10.jar:/home/chirag/.m2/repository/net/bytebuddy/byte-buddy-agent/1.15.10/byte-buddy-agent-1.15.10.jar:/home/chirag/.m2/repository/org/objenesis/objenesis/3.3/objenesis-3.3.jar:"/>
    <property name="java.vm.vendor" value="Ubuntu"/>
    <property name="sun.arch.data.model" value="64"/>
    <property name="java.vendor.url" value="https://ubuntu.com/"/>
    <property name="os.name" value="Linux"/>
    <property name="java.vm.specification.version" value="21"/>
    <property name="sun.java.launcher" value="SUN_STANDARD"/>
    <property name="user.country" value="US"/>
    <property name="sun.boot.library.path" value="/usr/lib/jvm/java-21-openjdk-amd64/lib"/>
    <property name="sun.java.command" value="/home/chirag/Desktop/Scoold/scoold/target/surefire/surefirebooter-20241209113452611_3.jar /home/chirag/Desktop/Scoold/scoold/target/surefire 2024-12-09T11-34-52_557-jvmRun1 surefire-20241209113452611_1tmp surefire_0-20241209113452611_2tmp"/>
    <property name="jdk.debug" value="release"/>
    <property name="surefire.test.class.path" value="/home/chirag/Desktop/Scoold/scoold/target/test-classes:/home/chirag/Desktop/Scoold/scoold/target/classes:/home/chirag/.m2/repository/com/erudika/para-client/1.50.3/para-client-1.50.3.jar:/home/chirag/.m2/repository/com/erudika/para-core/1.50.3/para-core-1.50.3.jar:/home/chirag/.m2/repository/software/amazon/awssdk/auth/2.29.29/auth-2.29.29.jar:/home/chirag/.m2/repository/software/amazon/awssdk/annotations/2.29.29/annotations-2.29.29.jar:/home/chirag/.m2/repository/software/amazon/awssdk/utils/2.29.29/utils-2.29.29.jar:/home/chirag/.m2/repository/org/reactivestreams/reactive-streams/1.0.4/reactive-streams-1.0.4.jar:/home/chirag/.m2/repository/software/amazon/awssdk/sdk-core/2.29.29/sdk-core-2.29.29.jar:/home/chirag/.m2/repository/software/amazon/awssdk/metrics-spi/2.29.29/metrics-spi-2.29.29.jar:/home/chirag/.m2/repository/software/amazon/awssdk/endpoints-spi/2.29.29/endpoints-spi-2.29.29.jar:/home/chirag/.m2/repository/software/amazon/awssdk/checksums-spi/2.29.29/checksums-spi-2.29.29.jar:/home/chirag/.m2/repository/software/amazon/awssdk/checksums/2.29.29/checksums-2.29.29.jar:/home/chirag/.m2/repository/software/amazon/awssdk/retries-spi/2.29.29/retries-spi-2.29.29.jar:/home/chirag/.m2/repository/software/amazon/awssdk/retries/2.29.29/retries-2.29.29.jar:/home/chirag/.m2/repository/software/amazon/awssdk/identity-spi/2.29.29/identity-spi-2.29.29.jar:/home/chirag/.m2/repository/software/amazon/awssdk/regions/2.29.29/regions-2.29.29.jar:/home/chirag/.m2/repository/software/amazon/awssdk/profiles/2.29.29/profiles-2.29.29.jar:/home/chirag/.m2/repository/software/amazon/awssdk/http-client-spi/2.29.29/http-client-spi-2.29.29.jar:/home/chirag/.m2/repository/software/amazon/awssdk/json-utils/2.29.29/json-utils-2.29.29.jar:/home/chirag/.m2/repository/software/amazon/awssdk/third-party-jackson-core/2.29.29/third-party-jackson-core-2.29.29.jar:/home/chirag/.m2/repository/software/amazon/awssdk/http-auth-aws/2.29.29/http-auth-aws-2.29.29.jar:/home/chirag/.m2/repository/software/amazon/awssdk/http-auth-aws-eventstream/2.29.29/http-auth-aws-eventstream-2.29.29.jar:/home/chirag/.m2/repository/software/amazon/awssdk/http-auth/2.29.29/http-auth-2.29.29.jar:/home/chirag/.m2/repository/software/amazon/awssdk/http-auth-spi/2.29.29/http-auth-spi-2.29.29.jar:/home/chirag/.m2/repository/software/amazon/eventstream/eventstream/1.0.1/eventstream-1.0.1.jar:/home/chirag/.m2/repository/io/github/classgraph/classgraph/4.8.176/classgraph-4.8.176.jar:/home/chirag/.m2/repository/jakarta/ws/rs/jakarta.ws.rs-api/3.1.0/jakarta.ws.rs-api-3.1.0.jar:/home/chirag/.m2/repository/jakarta/inject/jakarta.inject-api/2.0.1/jakarta.inject-api-2.0.1.jar:/home/chirag/.m2/repository/com/fasterxml/jackson/core/jackson-core/2.18.1/jackson-core-2.18.1.jar:/home/chirag/.m2/repository/com/fasterxml/jackson/core/jackson-annotations/2.18.1/jackson-annotations-2.18.1.jar:/home/chirag/.m2/repository/com/fasterxml/jackson/jakarta/rs/jackson-jakarta-rs-base/2.18.1/jackson-jakarta-rs-base-2.18.1.jar:/home/chirag/.m2/repository/com/fasterxml/jackson/jakarta/rs/jackson-jakarta-rs-json-provider/2.18.1/jackson-jakarta-rs-json-provider-2.18.1.jar:/home/chirag/.m2/repository/com/fasterxml/jackson/module/jackson-module-jakarta-xmlbind-annotations/2.18.1/jackson-module-jakarta-xmlbind-annotations-2.18.1.jar:/home/chirag/.m2/repository/com/fasterxml/jackson/core/jackson-databind/2.18.1/jackson-databind-2.18.1.jar:/home/chirag/.m2/repository/com/fasterxml/jackson/dataformat/jackson-dataformat-cbor/2.18.1/jackson-dataformat-cbor-2.18.1.jar:/home/chirag/.m2/repository/com/fasterxml/jackson/dataformat/jackson-dataformat-smile/2.18.1/jackson-dataformat-smile-2.18.1.jar:/home/chirag/.m2/repository/com/fasterxml/jackson/dataformat/jackson-dataformat-yaml/2.18.1/jackson-dataformat-yaml-2.18.1.jar:/home/chirag/.m2/repository/com/fasterxml/jackson/module/jackson-module-parameter-names/2.18.1/jackson-module-parameter-names-2.18.1.jar:/home/chirag/.m2/repository/com/fasterxml/jackson/datatype/jackson-datatype-jdk8/2.18.1/jackson-datatype-jdk8-2.18.1.jar:/home/chirag/.m2/repository/com/fasterxml/jackson/datatype/jackson-datatype-jsr310/2.18.1/jackson-datatype-jsr310-2.18.1.jar:/home/chirag/.m2/repository/io/dropwizard/metrics/metrics-core/4.2.25/metrics-core-4.2.25.jar:/home/chirag/.m2/repository/commons-beanutils/commons-beanutils/1.9.4/commons-beanutils-1.9.4.jar:/home/chirag/.m2/repository/commons-collections/commons-collections/3.2.2/commons-collections-3.2.2.jar:/home/chirag/.m2/repository/com/typesafe/config/1.4.3/config-1.4.3.jar:/home/chirag/.m2/repository/org/hibernate/validator/hibernate-validator/8.0.1.Final/hibernate-validator-8.0.1.Final.jar:/home/chirag/.m2/repository/org/jboss/logging/jboss-logging/3.6.1.Final/jboss-logging-3.6.1.Final.jar:/home/chirag/.m2/repository/com/fasterxml/classmate/1.7.0/classmate-1.7.0.jar:/home/chirag/.m2/repository/commons-codec/commons-codec/1.17.1/commons-codec-1.17.1.jar:/home/chirag/.m2/repository/commons-io/commons-io/2.17.0/commons-io-2.17.0.jar:/home/chirag/.m2/repository/org/jsoup/jsoup/1.17.2/jsoup-1.17.2.jar:/home/chirag/.m2/repository/com/vladsch/flexmark/flexmark/0.64.8/flexmark-0.64.8.jar:/home/chirag/.m2/repository/com/vladsch/flexmark/flexmark-util-ast/0.64.8/flexmark-util-ast-0.64.8.jar:/home/chirag/.m2/repository/com/vladsch/flexmark/flexmark-util-builder/0.64.8/flexmark-util-builder-0.64.8.jar:/home/chirag/.m2/repository/com/vladsch/flexmark/flexmark-util-collection/0.64.8/flexmark-util-collection-0.64.8.jar:/home/chirag/.m2/repository/com/vladsch/flexmark/flexmark-util-data/0.64.8/flexmark-util-data-0.64.8.jar:/home/chirag/.m2/repository/com/vladsch/flexmark/flexmark-util-dependency/0.64.8/flexmark-util-dependency-0.64.8.jar:/home/chirag/.m2/repository/com/vladsch/flexmark/flexmark-util-format/0.64.8/flexmark-util-format-0.64.8.jar:/home/chirag/.m2/repository/com/vladsch/flexmark/flexmark-util-html/0.64.8/flexmark-util-html-0.64.8.jar:/home/chirag/.m2/repository/com/vladsch/flexmark/flexmark-util-misc/0.64.8/flexmark-util-misc-0.64.8.jar:/home/chirag/.m2/repository/com/vladsch/flexmark/flexmark-util-sequence/0.64.8/flexmark-util-sequence-0.64.8.jar:/home/chirag/.m2/repository/com/vladsch/flexmark/flexmark-util-visitor/0.64.8/flexmark-util-visitor-0.64.8.jar:/home/chirag/.m2/repository/com/vladsch/flexmark/flexmark-ext-emoji/0.64.8/flexmark-ext-emoji-0.64.8.jar:/home/chirag/.m2/repository/com/vladsch/flexmark/flexmark-util/0.64.8/flexmark-util-0.64.8.jar:/home/chirag/.m2/repository/com/vladsch/flexmark/flexmark-util-options/0.64.8/flexmark-util-options-0.64.8.jar:/home/chirag/.m2/repository/com/vladsch/flexmark/flexmark-ext-gfm-strikethrough/0.64.8/flexmark-ext-gfm-strikethrough-0.64.8.jar:/home/chirag/.m2/repository/com/vladsch/flexmark/flexmark-ext-gfm-tasklist/0.64.8/flexmark-ext-gfm-tasklist-0.64.8.jar:/home/chirag/.m2/repository/com/vladsch/flexmark/flexmark-ext-tables/0.64.8/flexmark-ext-tables-0.64.8.jar:/home/chirag/.m2/repository/com/vladsch/flexmark/flexmark-ext-autolink/0.64.8/flexmark-ext-autolink-0.64.8.jar:/home/chirag/.m2/repository/org/nibor/autolink/autolink/0.6.0/autolink-0.6.0.jar:/home/chirag/.m2/repository/com/vladsch/flexmark/flexmark-ext-media-tags/0.64.8/flexmark-ext-media-tags-0.64.8.jar:/home/chirag/.m2/repository/de/svenkubiak/jBCrypt/0.4.3/jBCrypt-0.4.3.jar:/home/chirag/.m2/repository/com/samskivert/jmustache/1.16/jmustache-1.16.jar:/home/chirag/.m2/repository/jakarta/validation/jakarta.validation-api/3.0.2/jakarta.validation-api-3.0.2.jar:/home/chirag/.m2/repository/jakarta/xml/bind/jakarta.xml.bind-api/4.0.2/jakarta.xml.bind-api-4.0.2.jar:/home/chirag/.m2/repository/org/codehaus/woodstox/stax2-api/4.2.2/stax2-api-4.2.2.jar:/home/chirag/.m2/repository/io/github/hakky54/sslcontext-kickstart/8.3.7/sslcontext-kickstart-8.3.7.jar:/home/chirag/.m2/repository/org/apache/velocity/velocity-engine-core/2.4/velocity-engine-core-2.4.jar:/home/chirag/.m2/repository/org/slf4j/slf4j-api/2.0.16/slf4j-api-2.0.16.jar:/home/chirag/.m2/repository/org/springframework/boot/spring-boot-starter-web/3.4.0/spring-boot-starter-web-3.4.0.jar:/home/chirag/.m2/repository/org/springframework/boot/spring-boot-starter/3.4.0/spring-boot-starter-3.4.0.jar:/home/chirag/.m2/repository/org/springframework/boot/spring-boot/3.4.0/spring-boot-3.4.0.jar:/home/chirag/.m2/repository/org/springframework/boot/spring-boot-autoconfigure/3.4.0/spring-boot-autoconfigure-3.4.0.jar:/home/chirag/.m2/repository/jakarta/annotation/jakarta.annotation-api/2.1.1/jakarta.annotation-api-2.1.1.jar:/home/chirag/.m2/repository/org/springframework/spring-core/6.2.0/spring-core-6.2.0.jar:/home/chirag/.m2/repository/org/springframework/spring-jcl/6.2.0/spring-jcl-6.2.0.jar:/home/chirag/.m2/repository/org/springframework/boot/spring-boot-starter-json/3.4.0/spring-boot-starter-json-3.4.0.jar:/home/chirag/.m2/repository/org/springframework/boot/spring-boot-starter-tomcat/3.4.0/spring-boot-starter-tomcat-3.4.0.jar:/home/chirag/.m2/repository/org/apache/tomcat/embed/tomcat-embed-core/10.1.33/tomcat-embed-core-10.1.33.jar:/home/chirag/.m2/repository/org/apache/tomcat/embed/tomcat-embed-el/10.1.33/tomcat-embed-el-10.1.33.jar:/home/chirag/.m2/repository/org/apache/tomcat/embed/tomcat-embed-websocket/10.1.33/tomcat-embed-websocket-10.1.33.jar:/home/chirag/.m2/repository/org/springframework/spring-web/6.2.0/spring-web-6.2.0.jar:/home/chirag/.m2/repository/org/springframework/spring-beans/6.2.0/spring-beans-6.2.0.jar:/home/chirag/.m2/repository/io/micrometer/micrometer-observation/1.14.1/micrometer-observation-1.14.1.jar:/home/chirag/.m2/repository/io/micrometer/micrometer-commons/1.14.1/micrometer-commons-1.14.1.jar:/home/chirag/.m2/repository/org/springframework/spring-webmvc/6.2.0/spring-webmvc-6.2.0.jar:/home/chirag/.m2/repository/org/springframework/spring-aop/6.2.0/spring-aop-6.2.0.jar:/home/chirag/.m2/repository/org/springframework/spring-context/6.2.0/spring-context-6.2.0.jar:/home/chirag/.m2/repository/org/springframework/spring-expression/6.2.0/spring-expression-6.2.0.jar:/home/chirag/.m2/repository/org/springframework/boot/spring-boot-starter-logging/3.4.0/spring-boot-starter-logging-3.4.0.jar:/home/chirag/.m2/repository/ch/qos/logback/logback-classic/1.5.12/logback-classic-1.5.12.jar:/home/chirag/.m2/repository/ch/qos/logback/logback-core/1.5.12/logback-core-1.5.12.jar:/home/chirag/.m2/repository/org/apache/logging/log4j/log4j-to-slf4j/2.24.1/log4j-to-slf4j-2.24.1.jar:/home/chirag/.m2/repository/org/apache/logging/log4j/log4j-api/2.24.1/log4j-api-2.24.1.jar:/home/chirag/.m2/repository/org/slf4j/jul-to-slf4j/2.0.16/jul-to-slf4j-2.0.16.jar:/home/chirag/.m2/repository/org/springframework/boot/spring-boot-starter-mail/3.4.0/spring-boot-starter-mail-3.4.0.jar:/home/chirag/.m2/repository/org/springframework/spring-context-support/6.2.0/spring-context-support-6.2.0.jar:/home/chirag/.m2/repository/org/eclipse/angus/jakarta.mail/2.0.3/jakarta.mail-2.0.3.jar:/home/chirag/.m2/repository/jakarta/activation/jakarta.activation-api/2.1.3/jakarta.activation-api-2.1.3.jar:/home/chirag/.m2/repository/org/eclipse/angus/angus-activation/2.0.2/angus-activation-2.0.2.jar:/home/chirag/.m2/repository/org/apache/httpcomponents/core5/httpcore5/5.3.1/httpcore5-5.3.1.jar:/home/chirag/.m2/repository/org/apache/httpcomponents/client5/httpclient5/5.4.1/httpclient5-5.4.1.jar:/home/chirag/.m2/repository/org/apache/httpcomponents/core5/httpcore5-h2/5.3.1/httpcore5-h2-5.3.1.jar:/home/chirag/.m2/repository/com/nimbusds/nimbus-jose-jwt/9.41.2/nimbus-jose-jwt-9.41.2.jar:/home/chirag/.m2/repository/com/cloudinary/cloudinary-http45/1.39.0/cloudinary-http45-1.39.0.jar:/home/chirag/.m2/repository/com/cloudinary/cloudinary-core/1.39.0/cloudinary-core-1.39.0.jar:/home/chirag/.m2/repository/org/apache/httpcomponents/httpclient/4.5.13/httpclient-4.5.13.jar:/home/chirag/.m2/repository/org/apache/httpcomponents/httpcore/4.4.16/httpcore-4.4.16.jar:/home/chirag/.m2/repository/commons-logging/commons-logging/1.2/commons-logging-1.2.jar:/home/chirag/.m2/repository/org/apache/httpcomponents/httpmime/4.5.13/httpmime-4.5.13.jar:/home/chirag/.m2/repository/com/github/dfabulich/sitemapgen4j/1.1.2/sitemapgen4j-1.1.2.jar:/home/chirag/.m2/repository/org/apache/commons/commons-text/1.12.0/commons-text-1.12.0.jar:/home/chirag/.m2/repository/org/apache/commons/commons-lang3/3.17.0/commons-lang3-3.17.0.jar:/home/chirag/.m2/repository/org/yaml/snakeyaml/2.3/snakeyaml-2.3.jar:/home/chirag/.m2/repository/net/thauvin/erik/akismet-kotlin/1.0.0/akismet-kotlin-1.0.0.jar:/home/chirag/.m2/repository/org/jetbrains/kotlin/kotlin-stdlib-jdk8/1.9.25/kotlin-stdlib-jdk8-1.9.25.jar:/home/chirag/.m2/repository/org/jetbrains/kotlin/kotlin-stdlib/1.9.25/kotlin-stdlib-1.9.25.jar:/home/chirag/.m2/repository/org/jetbrains/annotations/13.0/annotations-13.0.jar:/home/chirag/.m2/repository/org/jetbrains/kotlin/kotlin-stdlib-jdk7/1.9.25/kotlin-stdlib-jdk7-1.9.25.jar:/home/chirag/.m2/repository/jakarta/servlet/jakarta.servlet-api/6.0.0/jakarta.servlet-api-6.0.0.jar:/home/chirag/.m2/repository/com/squareup/okhttp3/okhttp/4.11.0/okhttp-4.11.0.jar:/home/chirag/.m2/repository/com/squareup/okio/okio/3.2.0/okio-3.2.0.jar:/home/chirag/.m2/repository/com/squareup/okio/okio-jvm/3.5.0/okio-jvm-3.5.0.jar:/home/chirag/.m2/repository/org/jetbrains/kotlin/kotlin-stdlib-common/1.9.25/kotlin-stdlib-common-1.9.25.jar:/home/chirag/.m2/repository/com/squareup/okhttp3/logging-interceptor/4.11.0/logging-interceptor-4.11.0.jar:/home/chirag/.m2/repository/org/jetbrains/kotlinx/kotlinx-serialization-json-jvm/1.6.3/kotlinx-serialization-json-jvm-1.6.3.jar:/home/chirag/.m2/repository/org/jetbrains/kotlinx/kotlinx-serialization-core-jvm/1.6.3/kotlinx-serialization-core-jvm-1.6.3.jar:/home/chirag/.m2/repository/net/logicsquad/qr4j/1.0/qr4j-1.0.jar:/home/chirag/.m2/repository/junit/junit/4.13.2/junit-4.13.2.jar:/home/chirag/.m2/repository/org/hamcrest/hamcrest-core/2.2/hamcrest-core-2.2.jar:/home/chirag/.m2/repository/org/hamcrest/hamcrest/2.2/hamcrest-2.2.jar:/home/chirag/.m2/repository/org/mockito/mockito-core/5.14.2/mockito-core-5.14.2.jar:/home/chirag/.m2/repository/net/bytebuddy/byte-buddy/1.15.10/byte-buddy-1.15.10.jar:/home/chirag/.m2/repository/net/bytebuddy/byte-buddy-agent/1.15.10/byte-buddy-agent-1.15.10.jar:/home/chirag/.m2/repository/org/objenesis/objenesis/3.3/objenesis-3.3.jar:"/>
    <property name="sun.cpu.endian" value="little"/>
    <property name="user.home" value="/home/chirag"/>
    <property name="user.language" value="en"/>
    <property name="java.specification.vendor" value="Oracle Corporation"/>
    <property name="java.version.date" value="2024-10-15"/>
    <property name="java.home" value="/usr/lib/jvm/java-21-openjdk-amd64"/>
    <property name="file.separator" value="/"/>
    <property name="basedir" value="/home/chirag/Desktop/Scoold/scoold"/>
    <property name="java.vm.compressedOopsMode" value="32-bit"/>
    <property name="line.separator" value="&#10;"/>
    <property name="java.specification.name" value="Java Platform API Specification"/>
    <property name="java.vm.specification.vendor" value="Oracle Corporation"/>
    <property name="surefire.real.class.path" value="/home/chirag/Desktop/Scoold/scoold/target/surefire/surefirebooter-20241209113452611_3.jar"/>
    <property name="sun.management.compiler" value="HotSpot 64-Bit Tiered Compilers"/>
    <property name="java.runtime.version" value="21.0.5+11-Ubuntu-1ubuntu120.04"/>
    <property name="user.name" value="chirag"/>
    <property name="stdout.encoding" value="UTF-8"/>
    <property name="path.separator" value=":"/>
    <property name="os.version" value="5.15.0-126-generic"/>
    <property name="java.runtime.name" value="OpenJDK Runtime Environment"/>
    <property name="file.encoding" value="UTF-8"/>
    <property name="java.vm.name" value="OpenJDK 64-Bit Server VM"/>
    <property name="localRepository" value="/home/chirag/.m2/repository"/>
    <property name="java.vendor.url.bug" value="https://bugs.launchpad.net/ubuntu/+source/openjdk-21"/>
    <property name="java.io.tmpdir" value="/tmp"/>
    <property name="java.version" value="21.0.5"/>
    <property name="user.dir" value="/home/chirag/Desktop/Scoold/scoold"/>
    <property name="os.arch" value="amd64"/>
    <property name="java.vm.specification.name" value="Java Virtual Machine Specification"/>
    <property name="native.encoding" value="UTF-8"/>
    <property name="java.library.path" value="/usr/java/packages/lib:/usr/lib/x86_64-linux-gnu/jni:/lib/x86_64-linux-gnu:/usr/lib/x86_64-linux-gnu:/usr/lib/jni:/lib:/usr/lib"/>
    <property name="java.vm.info" value="mixed mode, sharing"/>
    <property name="stderr.encoding" value="UTF-8"/>
    <property name="java.vendor" value="Ubuntu"/>
    <property name="java.vm.version" value="21.0.5+11-Ubuntu-1ubuntu120.04"/>
    <property name="sun.io.unicode.encoding" value="UnicodeLittle"/>
    <property name="java.class.version" value="65.0"/>
  </properties>
  <testcase name="store_should_nothing" classname="com.erudika.scoold.utils.avatars.DefaultAvatarRepositoryTest" time="0.351">
    <system-out><![CDATA[2024-12-09 11:34:53 [WARN ] Failed to load configuration file 'application.(conf|json|properties)' for namespace 'scoold' - merge of system properties,application.properties @ file:/home/chirag/Desktop/Scoold/scoold/target/classes/application.properties,reference.conf @ jar:file:/home/chirag/.m2/repository/com/erudika/para-core/1.50.3/para-core-1.50.3.jar!/reference.conf: 1: No configuration setting found for key 'scoold'
]]></system-out>
  </testcase>
  <testcase name="getAnonymizedLink_should_always_return_default_avatar" classname="com.erudika.scoold.utils.avatars.DefaultAvatarRepositoryTest" time="0.0"/>
  <testcase name="getLink_should_return_always_default_avatar" classname="com.erudika.scoold.utils.avatars.DefaultAvatarRepositoryTest" time="0.001"/>
</testsuite>